<?xml version="1.0" encoding="UTF-8"?>
<testng-results skipped="0" failed="0" ignored="0" total="1" passed="1">
  <reporter-output>
  </reporter-output>
  <suite name="Suite" duration-ms="625" started-at="2018-02-09T22:17:51Z" finished-at="2018-02-09T22:17:52Z">
    <groups>
      <group name="cucumber">
        <method signature="AbstractTestNGCucumberTests.feature(cucumber.api.testng.CucumberFeatureWrapper)[pri:0, instance:runner.RunCuke@5c7fa833]" name="feature" class="cucumber.api.testng.AbstractTestNGCucumberTests"/>
      </group> <!-- cucumber -->
    </groups>
    <test name="Test" duration-ms="625" started-at="2018-02-09T22:17:51Z" finished-at="2018-02-09T22:17:52Z">
      <class name="runner.RunCuke">
        <test-method status="PASS" signature="setUpClass()[pri:0, instance:runner.RunCuke@5c7fa833]" name="setUpClass" is-config="true" duration-ms="221" started-at="2018-02-09T14:17:51Z" finished-at="2018-02-09T14:17:51Z">
          <reporter-output>
          </reporter-output>
        </test-method> <!-- setUpClass -->
        <test-method status="PASS" signature="feature(cucumber.api.testng.CucumberFeatureWrapper)[pri:0, instance:runner.RunCuke@5c7fa833]" name="feature" duration-ms="264" started-at="2018-02-09T14:17:51Z" description="Runs Cucumber Feature" data-provider="features" finished-at="2018-02-09T14:17:52Z">
          <params>
            <param index="0">
              <value>
                <![CDATA[login]]>
              </value>
            </param>
          </params>
          <reporter-output>
          </reporter-output>
        </test-method> <!-- feature -->
        <test-method status="PASS" signature="tearDownClass()[pri:0, instance:runner.RunCuke@5c7fa833]" name="tearDownClass" is-config="true" duration-ms="0" started-at="2018-02-09T14:17:52Z" finished-at="2018-02-09T14:17:52Z">
          <reporter-output>
          </reporter-output>
        </test-method> <!-- tearDownClass -->
      </class> <!-- runner.RunCuke -->
    </test> <!-- Test -->
  </suite> <!-- Suite -->
</testng-results>
